<?xml version="1.0" encoding="UTF-8"?>
<testsuite name="CricketLeagueAnalyserTest" tests="1" skipped="0" failures="0" errors="0" timestamp="2020-01-17T08:03:13" hostname="jotiram-Inspiron-15-3567" time="0.135">
  <properties/>
  <testcase name="whenGivenCSVFileRecordOfMostRuns_ShouldReturnProperData" classname="CricketLeagueAnalyserTest" time="0.135"/>
  <system-out><![CDATA[]]></system-out>
  <system-err><![CDATA[]]></system-err>
</testsuite>
